Using pre-set license
Built from '2021.3/staging' branch; Version is '2021.3.4f1 (cb45f9cae8b7) revision 13321721'; Using compiler version '192829333'; Build Type 'Release'
OS: 'Windows 10  (10.0.19043) 64bit Professional' Language: 'en' Physical Memory: 16021 MB
BatchMode: 1, IsHumanControllingUs: 0, StartBugReporterOnCrash: 0, Is64bit: 1, IsPro: 1

COMMAND LINE ARGUMENTS:
D:\Unity\Versions\2021.3.4f1\Editor\Unity.exe
-adb2
-batchMode
-noUpm
-name
AssetImportWorker3
-projectPath
D:/Projects/DefendYourHonor/DefendYourHonor
-logFile
Logs/AssetImportWorker3.log
-srvPort
52520
Successfully changed project path to: D:/Projects/DefendYourHonor/DefendYourHonor
D:/Projects/DefendYourHonor/DefendYourHonor
[UnityMemory] Configuration Parameters - Can be set up in boot.config
    "memorysetup-bucket-allocator-granularity=16"
    "memorysetup-bucket-allocator-bucket-count=8"
    "memorysetup-bucket-allocator-block-size=33554432"
    "memorysetup-bucket-allocator-block-count=8"
    "memorysetup-main-allocator-block-size=16777216"
    "memorysetup-thread-allocator-block-size=16777216"
    "memorysetup-gfx-main-allocator-block-size=16777216"
    "memorysetup-gfx-thread-allocator-block-size=16777216"
    "memorysetup-cache-allocator-block-size=4194304"
    "memorysetup-typetree-allocator-block-size=2097152"
    "memorysetup-profiler-bucket-allocator-granularity=16"
    "memorysetup-profiler-bucket-allocator-bucket-count=8"
    "memorysetup-profiler-bucket-allocator-block-size=33554432"
    "memorysetup-profiler-bucket-allocator-block-count=8"
    "memorysetup-profiler-allocator-block-size=16777216"
    "memorysetup-profiler-editor-allocator-block-size=1048576"
    "memorysetup-temp-allocator-size-main=16777216"
    "memorysetup-job-temp-allocator-block-size=2097152"
    "memorysetup-job-temp-allocator-block-size-background=1048576"
    "memorysetup-job-temp-allocator-reduction-small-platforms=262144"
    "memorysetup-temp-allocator-size-background-worker=32768"
    "memorysetup-temp-allocator-size-job-worker=262144"
    "memorysetup-temp-allocator-size-preload-manager=33554432"
    "memorysetup-temp-allocator-size-nav-mesh-worker=65536"
    "memorysetup-temp-allocator-size-audio-worker=65536"
    "memorysetup-temp-allocator-size-cloud-worker=32768"
    "memorysetup-temp-allocator-size-gi-baking-worker=262144"
    "memorysetup-temp-allocator-size-gfx=262144"
Refreshing native plugins compatible for Editor in 121.85 ms, found 3 plugins.
Preloading 0 native plugins for Editor in 0.00 ms.
Initialize engine version: 2021.3.4f1 (cb45f9cae8b7)
[Subsystems] Discovering subsystems at path D:/Unity/Versions/2021.3.4f1/Editor/Data/Resources/UnitySubsystems
[Subsystems] Discovering subsystems at path D:/Projects/DefendYourHonor/DefendYourHonor/Assets
GfxDevice: creating device client; threaded=0; jobified=0
Direct3D:
    Version:  Direct3D 11.0 [level 11.1]
    Renderer: NVIDIA GeForce RTX 3060 Laptop GPU (ID=0x2560)
    Vendor:   NVIDIA
    VRAM:     6023 MB
    Driver:   30.0.15.1259
Initialize mono
Mono path[0] = 'D:/Unity/Versions/2021.3.4f1/Editor/Data/Managed'
Mono path[1] = 'D:/Unity/Versions/2021.3.4f1/Editor/Data/MonoBleedingEdge/lib/mono/unityjit-win32'
Mono config path = 'D:/Unity/Versions/2021.3.4f1/Editor/Data/MonoBleedingEdge/etc'
Using monoOptions --debugger-agent=transport=dt_socket,embedding=1,server=y,suspend=n,address=127.0.0.1:56168
Begin MonoManager ReloadAssembly
Registering precompiled unity dll's ...
Register platform support module: D:/Unity/Versions/2021.3.4f1/Editor/Data/PlaybackEngines/AndroidPlayer/UnityEditor.Android.Extensions.dll
Register platform support module: D:/Unity/Versions/2021.3.4f1/Editor/Data/PlaybackEngines/WindowsStandaloneSupport/UnityEditor.WindowsStandalone.Extensions.dll
Registered in 0.003436 seconds.
Native extension for WindowsStandalone target not found
Native extension for Android target not found
Refreshing native plugins compatible for Editor in 111.33 ms, found 3 plugins.
Preloading 0 native plugins for Editor in 0.00 ms.
Mono: successfully reloaded assembly
- Completed reload, in  0.748 seconds
Domain Reload Profiling:
	ReloadAssembly (748ms)
		BeginReloadAssembly (66ms)
			ExecutionOrderSort (0ms)
			DisableScriptedObjects (0ms)
			BackupInstance (0ms)
			ReleaseScriptingObjects (0ms)
			CreateAndSetChildDomain (1ms)
		EndReloadAssembly (570ms)
			LoadAssemblies (65ms)
			RebuildTransferFunctionScriptingTraits (0ms)
			SetupTypeCache (135ms)
			ReleaseScriptCaches (0ms)
			RebuildScriptCaches (37ms)
			SetupLoadedEditorAssemblies (344ms)
				LogAssemblyErrors (0ms)
				InitializePlatformSupportModulesInManaged (58ms)
				SetLoadedEditorAssemblies (0ms)
				RefreshPlugins (111ms)
				BeforeProcessingInitializeOnLoad (2ms)
				ProcessInitializeOnLoadAttributes (117ms)
				ProcessInitializeOnLoadMethodAttributes (55ms)
				AfterProcessingInitializeOnLoad (0ms)
				EditorAssembliesLoaded (0ms)
			ExecutionOrderSort2 (0ms)
			AwakeInstancesAfterBackupRestoration (0ms)
Platform modules already initialized, skipping
Registering precompiled user dll's ...
Registered in 0.003931 seconds.
Begin MonoManager ReloadAssembly
Symbol file LoadedFromMemory doesn't match image D:\Projects\DefendYourHonor\DefendYourHonor\Library\PackageCache\com.unity.visualscripting@1.7.8\Editor\VisualScripting.Core\Dependencies\YamlDotNet\Unity.VisualScripting.YamlDotNet.dll
Symbol file LoadedFromMemory doesn't match image D:\Projects\DefendYourHonor\DefendYourHonor\Library\PackageCache\com.unity.visualscripting@1.7.8\Editor\VisualScripting.Core\Dependencies\DotNetZip\Unity.VisualScripting.IonicZip.dll
Native extension for WindowsStandalone target not found
Native extension for Android target not found
Refreshing native plugins compatible for Editor in 108.05 ms, found 3 plugins.
Preloading 0 native plugins for Editor in 0.00 ms.
Mono: successfully reloaded assembly
- Completed reload, in  1.596 seconds
Domain Reload Profiling:
	ReloadAssembly (1597ms)
		BeginReloadAssembly (236ms)
			ExecutionOrderSort (0ms)
			DisableScriptedObjects (5ms)
			BackupInstance (0ms)
			ReleaseScriptingObjects (0ms)
			CreateAndSetChildDomain (140ms)
		EndReloadAssembly (1229ms)
			LoadAssemblies (78ms)
			RebuildTransferFunctionScriptingTraits (0ms)
			SetupTypeCache (331ms)
			ReleaseScriptCaches (1ms)
			RebuildScriptCaches (70ms)
			SetupLoadedEditorAssemblies (693ms)
				LogAssemblyErrors (0ms)
				InitializePlatformSupportModulesInManaged (13ms)
				SetLoadedEditorAssemblies (0ms)
				RefreshPlugins (108ms)
				BeforeProcessingInitializeOnLoad (108ms)
				ProcessInitializeOnLoadAttributes (428ms)
				ProcessInitializeOnLoadMethodAttributes (33ms)
				AfterProcessingInitializeOnLoad (3ms)
				EditorAssembliesLoaded (0ms)
			ExecutionOrderSort2 (0ms)
			AwakeInstancesAfterBackupRestoration (6ms)
Platform modules already initialized, skipping
========================================================================
Worker process is ready to serve import requests
Launched and connected shader compiler UnityShaderCompiler.exe after 0.07 seconds
Refreshing native plugins compatible for Editor in 0.97 ms, found 3 plugins.
Preloading 0 native plugins for Editor in 0.00 ms.
Unloading 3556 Unused Serialized files (Serialized files now loaded: 0)
Unloading 48 unused Assets / (0.6 MB). Loaded Objects now: 4030.
Memory consumption went from 141.7 MB to 141.1 MB.
Total: 4.446200 ms (FindLiveObjects: 0.374700 ms CreateObjectMapping: 0.262600 ms MarkObjects: 3.529400 ms  DeleteObjects: 0.277800 ms)

AssetImportParameters requested are different than current active one (requested -> active):
  custom:video-decoder-ogg-theora: a1e56fd34408186e4bbccfd4996cb3dc -> 
  custom:container-muxer-webm: aa71ff27fc2769a1b78a27578f13a17b -> 
  custom:container-demuxer-webm: 4f35f7cbe854078d1ac9338744f61a02 -> 
  custom:video-encoder-webm-vp8: eb34c28f22e8b96e1ab97ce403110664 -> 
  custom:audio-encoder-webm-vorbis: bf7c407c2cedff20999df2af8eb42d56 -> 
  custom:framework-win-MediaFoundation: 216162199b28c13a410421893ffa2e32 -> 
  custom:container-demuxer-ogg: 62fdf1f143b41e24485cea50d1cbac27 -> 
  custom:video-decoder-webm-vp8: 9c59270c3fd7afecdb556c50c9e8de78 -> 
  custom:audio-decoder-ogg-vorbis: bf7c407c2cedff20999df2af8eb42d56 -> 
========================================================================
Received Import Request.
  Time since last request: 1982.673738 seconds.
  path: Assets/WW2 Armed Forces Demo/Prefabs/Hotchkiss_H35.prefab
  artifactKey: Guid(6c27316a4329175499c8b8a161bbf40c) Importer(815301076,1909f56bfc062723c751e8b465ee728b)
Start importing Assets/WW2 Armed Forces Demo/Prefabs/Hotchkiss_H35.prefab using Guid(6c27316a4329175499c8b8a161bbf40c) Importer(815301076,1909f56bfc062723c751e8b465ee728b)  -> (artifact id: '7dc6d028df880f62a7f895f3ac18f911') in 0.449157 seconds 
========================================================================
Received Import Request.
  Time since last request: 0.000026 seconds.
  path: Assets/WW2 Armed Forces Demo/Prefabs/M4A3(75)_Sherman.prefab
  artifactKey: Guid(ad899c9168e7f5c4db7f2447350a5249) Importer(815301076,1909f56bfc062723c751e8b465ee728b)
Start importing Assets/WW2 Armed Forces Demo/Prefabs/M4A3(75)_Sherman.prefab using Guid(ad899c9168e7f5c4db7f2447350a5249) Importer(815301076,1909f56bfc062723c751e8b465ee728b)  -> (artifact id: 'cf9247152be2ae0046c0171fe56ed605') in 0.060942 seconds 
========================================================================
Received Import Request.
  Time since last request: 0.000033 seconds.
  path: Assets/WW2 Armed Forces Demo/Models/M4A3(75)_Sherman.fbx
  artifactKey: Guid(184961720d718b14094db99ebab8f232) Importer(815301076,1909f56bfc062723c751e8b465ee728b)
Start importing Assets/WW2 Armed Forces Demo/Models/M4A3(75)_Sherman.fbx using Guid(184961720d718b14094db99ebab8f232) Importer(815301076,1909f56bfc062723c751e8b465ee728b)  -> (artifact id: 'e704c0220ee5ea9bcc5f3aaee6f052cb') in 0.380566 seconds 
========================================================================
Received Import Request.
  Time since last request: 0.000030 seconds.
  path: Assets/WW2 Armed Forces Demo/Models/Ha_Go.fbx
  artifactKey: Guid(3fab61b99db84344c9b4ce0adb48fe1e) Importer(815301076,1909f56bfc062723c751e8b465ee728b)
Start importing Assets/WW2 Armed Forces Demo/Models/Ha_Go.fbx using Guid(3fab61b99db84344c9b4ce0adb48fe1e) Importer(815301076,1909f56bfc062723c751e8b465ee728b)  -> (artifact id: '592cff06d5ec049d0a0b53ebf8fa1bcc') in 0.074007 seconds 
========================================================================
Received Import Request.
  Time since last request: 0.000039 seconds.
  path: Assets/WW2 Armed Forces Demo/Models/Carro_Armato_L6_40.fbx
  artifactKey: Guid(9760a13833901e3458983bc9201aa791) Importer(815301076,1909f56bfc062723c751e8b465ee728b)
Start importing Assets/WW2 Armed Forces Demo/Models/Carro_Armato_L6_40.fbx using Guid(9760a13833901e3458983bc9201aa791) Importer(815301076,1909f56bfc062723c751e8b465ee728b)  -> (artifact id: '04e07dd29023ffa0d894c9b4bc49708d') in 0.059065 seconds 
========================================================================
Received Import Request.
  Time since last request: 0.000025 seconds.
  path: Assets/WW2 Armed Forces Demo/Prefabs/Panzer_II_F.prefab
  artifactKey: Guid(7c4525d5a46da0b47bbbdfd14c376381) Importer(815301076,1909f56bfc062723c751e8b465ee728b)
Start importing Assets/WW2 Armed Forces Demo/Prefabs/Panzer_II_F.prefab using Guid(7c4525d5a46da0b47bbbdfd14c376381) Importer(815301076,1909f56bfc062723c751e8b465ee728b)  -> (artifact id: '052d84ee054880a975b54a249502b127') in 0.029866 seconds 
========================================================================
Received Import Request.
  Time since last request: 0.000023 seconds.
  path: Assets/RTP Vol.1/prefabs/tree1a pre.prefab
  artifactKey: Guid(ee6765da7db992e42a63c23f4e2c42e0) Importer(815301076,1909f56bfc062723c751e8b465ee728b)
Start importing Assets/RTP Vol.1/prefabs/tree1a pre.prefab using Guid(ee6765da7db992e42a63c23f4e2c42e0) Importer(815301076,1909f56bfc062723c751e8b465ee728b)  -> (artifact id: '68f5aebc1572b3f21eb8b2760c6c0497') in 0.224016 seconds 
========================================================================
Received Import Request.
  Time since last request: 40.545358 seconds.
  path: Assets/WW2 Armed Forces Demo/Textures/Carro_Armato_L6_40/Carro_Armato_L6_40_Normal.png
  artifactKey: Guid(e8b28704766497f46b70c2e6c3ef262a) Importer(815301076,1909f56bfc062723c751e8b465ee728b)
Start importing Assets/WW2 Armed Forces Demo/Textures/Carro_Armato_L6_40/Carro_Armato_L6_40_Normal.png using Guid(e8b28704766497f46b70c2e6c3ef262a) Importer(815301076,1909f56bfc062723c751e8b465ee728b)  -> (artifact id: '6a48fcbab76f9348975d1627cdc1d19d') in 0.035232 seconds 
========================================================================
Received Import Request.
  Time since last request: 0.000022 seconds.
  path: Assets/WW2 Armed Forces Demo/Textures/Carro_Armato_M13_40/Carro_Armato_M13_40_Metallic.png
  artifactKey: Guid(ddaabaa798ceec74caca2acde100197d) Importer(815301076,1909f56bfc062723c751e8b465ee728b)
Start importing Assets/WW2 Armed Forces Demo/Textures/Carro_Armato_M13_40/Carro_Armato_M13_40_Metallic.png using Guid(ddaabaa798ceec74caca2acde100197d) Importer(815301076,1909f56bfc062723c751e8b465ee728b)  -> (artifact id: 'dd6c147aecf705280c7d3b1580d7af28') in 0.022453 seconds 
========================================================================
Received Import Request.
  Time since last request: 0.000027 seconds.
  path: Assets/WW2 Armed Forces Demo/Textures/Chi_Ha/Chi_Ha_Normal.png
  artifactKey: Guid(94dbaae2ef5659b4196cd65b8547d0a9) Importer(815301076,1909f56bfc062723c751e8b465ee728b)
Start importing Assets/WW2 Armed Forces Demo/Textures/Chi_Ha/Chi_Ha_Normal.png using Guid(94dbaae2ef5659b4196cd65b8547d0a9) Importer(815301076,1909f56bfc062723c751e8b465ee728b)  -> (artifact id: 'ca2c4f77930190eb00b1b6029bcd390d') in 0.020995 seconds 
========================================================================
Received Import Request.
  Time since last request: 0.000068 seconds.
  path: Assets/GrassFlowers/Textures/GrassFlowers/grassFlower10.tga
  artifactKey: Guid(dcefc591c195a9f468e9157baa03eb4f) Importer(815301076,1909f56bfc062723c751e8b465ee728b)
Start importing Assets/GrassFlowers/Textures/GrassFlowers/grassFlower10.tga using Guid(dcefc591c195a9f468e9157baa03eb4f) Importer(815301076,1909f56bfc062723c751e8b465ee728b)  -> (artifact id: 'f41f54f817ab3b735d33552acac5bfc5') in 0.021410 seconds 
========================================================================
Received Import Request.
  Time since last request: 0.000023 seconds.
  path: Assets/GrassFlowers/Textures/GrassFlowers/grassFlower04.tga
  artifactKey: Guid(5c744e80ad52c884c9ac4c9139b3aaae) Importer(815301076,1909f56bfc062723c751e8b465ee728b)
Start importing Assets/GrassFlowers/Textures/GrassFlowers/grassFlower04.tga using Guid(5c744e80ad52c884c9ac4c9139b3aaae) Importer(815301076,1909f56bfc062723c751e8b465ee728b)  -> (artifact id: 'eee68ad4df6e488a74c683fc2b60543d') in 0.026079 seconds 
========================================================================
Received Import Request.
  Time since last request: 0.000026 seconds.
  path: Assets/GrassFlowers/Textures/GrassFlowers/grassFlower05.tga
  artifactKey: Guid(e3b33de953074bc4a88d9487f19c1202) Importer(815301076,1909f56bfc062723c751e8b465ee728b)
Start importing Assets/GrassFlowers/Textures/GrassFlowers/grassFlower05.tga using Guid(e3b33de953074bc4a88d9487f19c1202) Importer(815301076,1909f56bfc062723c751e8b465ee728b)  -> (artifact id: 'daa6296942976b42195761b3e0325826') in 0.014709 seconds 
========================================================================
Received Import Request.
  Time since last request: 0.000025 seconds.
  path: Assets/GrassFlowers/Textures/GrassFlowers/grassFlower08.tga
  artifactKey: Guid(8900a35e436818940b97df26c3a8a1aa) Importer(815301076,1909f56bfc062723c751e8b465ee728b)
Start importing Assets/GrassFlowers/Textures/GrassFlowers/grassFlower08.tga using Guid(8900a35e436818940b97df26c3a8a1aa) Importer(815301076,1909f56bfc062723c751e8b465ee728b)  -> (artifact id: '233f357d64657c8c51b7e7c96fee57d8') in 0.026307 seconds 
========================================================================
Received Import Request.
  Time since last request: 0.000024 seconds.
  path: Assets/WW2 Armed Forces Demo/Textures/Ha_Go/Ha_Go_AlbedoTransparency_1.png
  artifactKey: Guid(1f93c746ac3bf77488f5fc8eaf1b2f35) Importer(815301076,1909f56bfc062723c751e8b465ee728b)
Start importing Assets/WW2 Armed Forces Demo/Textures/Ha_Go/Ha_Go_AlbedoTransparency_1.png using Guid(1f93c746ac3bf77488f5fc8eaf1b2f35) Importer(815301076,1909f56bfc062723c751e8b465ee728b)  -> (artifact id: '2700705a2ac099f31c263b5d6665d7a9') in 0.018821 seconds 
========================================================================
Received Import Request.
  Time since last request: 0.000067 seconds.
  path: Assets/WW2 Armed Forces Demo/Textures/Hotchkiss_H35/Hotchkiss_H35_Normal.png
  artifactKey: Guid(ddb4a6a7d494df943b91eafec9aef062) Importer(815301076,1909f56bfc062723c751e8b465ee728b)
Start importing Assets/WW2 Armed Forces Demo/Textures/Hotchkiss_H35/Hotchkiss_H35_Normal.png using Guid(ddb4a6a7d494df943b91eafec9aef062) Importer(815301076,1909f56bfc062723c751e8b465ee728b)  -> (artifact id: '39a602f58187e9f6153d22ebf7a3a933') in 0.017884 seconds 
========================================================================
Received Import Request.
  Time since last request: 0.000033 seconds.
  path: Assets/WW2 Armed Forces Demo/Textures/Ha_Go/Ha_Go_Metallic.png
  artifactKey: Guid(37f816c1cb26ff448a48470e7db978c0) Importer(815301076,1909f56bfc062723c751e8b465ee728b)
Start importing Assets/WW2 Armed Forces Demo/Textures/Ha_Go/Ha_Go_Metallic.png using Guid(37f816c1cb26ff448a48470e7db978c0) Importer(815301076,1909f56bfc062723c751e8b465ee728b)  -> (artifact id: 'dcea26b1c25fa76451bfe36f9231529e') in 0.015893 seconds 
========================================================================
Received Import Request.
  Time since last request: 0.000028 seconds.
  path: Assets/WW2 Armed Forces Demo/Textures/Carro_Armato_M13_40/Carro_Armato_M13_40_AlbedoTransparency_1.png
  artifactKey: Guid(4354278dc786f0a478bb84f712d18ee8) Importer(815301076,1909f56bfc062723c751e8b465ee728b)
Start importing Assets/WW2 Armed Forces Demo/Textures/Carro_Armato_M13_40/Carro_Armato_M13_40_AlbedoTransparency_1.png using Guid(4354278dc786f0a478bb84f712d18ee8) Importer(815301076,1909f56bfc062723c751e8b465ee728b)  -> (artifact id: '5acfc80df837d9f6ba199463f8bd040b') in 0.016249 seconds 
========================================================================
Received Import Request.
  Time since last request: 1.269533 seconds.
  path: Assets/WW2 Armed Forces Demo/Textures/M4A3(75)_Sherman/M4A3(75)_Sherman_Metallic.png
  artifactKey: Guid(6b291707dff86a348b17e225ed9a2004) Importer(815301076,1909f56bfc062723c751e8b465ee728b)
Start importing Assets/WW2 Armed Forces Demo/Textures/M4A3(75)_Sherman/M4A3(75)_Sherman_Metallic.png using Guid(6b291707dff86a348b17e225ed9a2004) Importer(815301076,1909f56bfc062723c751e8b465ee728b)  -> (artifact id: 'ee2bac0bcc0f92775f30facce01d47b4') in 0.015665 seconds 
========================================================================
Received Import Request.
  Time since last request: 0.425693 seconds.
  path: Assets/WW2 Armed Forces Demo/Textures/M5A1_Stuart/M5A1_Stuart_Normal.png
  artifactKey: Guid(a14c242144e28db48a408f3b7cbf9b07) Importer(815301076,1909f56bfc062723c751e8b465ee728b)
Start importing Assets/WW2 Armed Forces Demo/Textures/M5A1_Stuart/M5A1_Stuart_Normal.png using Guid(a14c242144e28db48a408f3b7cbf9b07) Importer(815301076,1909f56bfc062723c751e8b465ee728b)  -> (artifact id: '4b0d27ffcf4d0e9d2c36bcbfea255dcf') in 0.020388 seconds 
========================================================================
Received Import Request.
  Time since last request: 0.000022 seconds.
  path: Assets/WW2 Armed Forces Demo/Textures/Matilda_II/Matilda_II_AO.png
  artifactKey: Guid(346dfd8326bf87d40bb96974a7af37e3) Importer(815301076,1909f56bfc062723c751e8b465ee728b)
Start importing Assets/WW2 Armed Forces Demo/Textures/Matilda_II/Matilda_II_AO.png using Guid(346dfd8326bf87d40bb96974a7af37e3) Importer(815301076,1909f56bfc062723c751e8b465ee728b)  -> (artifact id: '8515f62d83ebbfad92c35d4af489dab8') in 0.020727 seconds 
========================================================================
Received Import Request.
  Time since last request: 0.384373 seconds.
  path: Assets/WW2 Armed Forces Demo/Textures/Panzer_VI_E/Panzer_VI_E_AO.png
  artifactKey: Guid(5f2e9f823acc1cc44a5b6948fe142872) Importer(815301076,1909f56bfc062723c751e8b465ee728b)
Start importing Assets/WW2 Armed Forces Demo/Textures/Panzer_VI_E/Panzer_VI_E_AO.png using Guid(5f2e9f823acc1cc44a5b6948fe142872) Importer(815301076,1909f56bfc062723c751e8b465ee728b)  -> (artifact id: '712ab59e97e19ea5a3086172d729cc05') in 0.020644 seconds 
========================================================================
Received Import Request.
  Time since last request: 0.000024 seconds.
  path: Assets/GrassFlowers/Demo/DemoGrassFlowers/ReflectionProbe-0.exr
  artifactKey: Guid(ff26dd0d532f43942b51232390841a6d) Importer(815301076,1909f56bfc062723c751e8b465ee728b)
Start importing Assets/GrassFlowers/Demo/DemoGrassFlowers/ReflectionProbe-0.exr using Guid(ff26dd0d532f43942b51232390841a6d) Importer(815301076,1909f56bfc062723c751e8b465ee728b)  -> (artifact id: 'dc5cbbf1a6b2d0ef70550bf994b5c044') in 0.032069 seconds 
========================================================================
Received Import Request.
  Time since last request: 0.000029 seconds.
  path: Assets/WW2 Armed Forces Demo/Textures/T_34_76/T_34_76_Metallic.png
  artifactKey: Guid(19e6cbc8f0a8ee048ad38a23027e810e) Importer(815301076,1909f56bfc062723c751e8b465ee728b)
Start importing Assets/WW2 Armed Forces Demo/Textures/T_34_76/T_34_76_Metallic.png using Guid(19e6cbc8f0a8ee048ad38a23027e810e) Importer(815301076,1909f56bfc062723c751e8b465ee728b)  -> (artifact id: '1069df77f7dd264cc0a00b698187b389') in 0.015829 seconds 
========================================================================
Received Import Request.
  Time since last request: 0.277158 seconds.
  path: Assets/WW2 Armed Forces Demo/Textures/Track/Track_Normal.png
  artifactKey: Guid(3fb4f4ae1dd003f4fb7e163863310e10) Importer(815301076,1909f56bfc062723c751e8b465ee728b)
Start importing Assets/WW2 Armed Forces Demo/Textures/Track/Track_Normal.png using Guid(3fb4f4ae1dd003f4fb7e163863310e10) Importer(815301076,1909f56bfc062723c751e8b465ee728b)  -> (artifact id: 'b1839744b406f43b1ae3bcdb133e1516') in 0.014459 seconds 
========================================================================
Received Import Request.
  Time since last request: 0.000019 seconds.
  path: Assets/RTP Vol.1/Materials/tree2 bark N.png
  artifactKey: Guid(85279fd4574f3da46847e26c4c17ac00) Importer(815301076,1909f56bfc062723c751e8b465ee728b)
Start importing Assets/RTP Vol.1/Materials/tree2 bark N.png using Guid(85279fd4574f3da46847e26c4c17ac00) Importer(815301076,1909f56bfc062723c751e8b465ee728b)  -> (artifact id: 'b15a9e1f1e9f649017007bc639bf53f0') in 0.013199 seconds 
========================================================================
Received Import Request.
  Time since last request: 0.000024 seconds.
  path: Assets/RTP Vol.1/Materials/tree1 bark N.png
  artifactKey: Guid(7384dc28a365db54b805e4561d27827d) Importer(815301076,1909f56bfc062723c751e8b465ee728b)
Start importing Assets/RTP Vol.1/Materials/tree1 bark N.png using Guid(7384dc28a365db54b805e4561d27827d) Importer(815301076,1909f56bfc062723c751e8b465ee728b)  -> (artifact id: '2b201a654f72ad4e4a00dd405bef4933') in 0.013047 seconds 
Editor requested this worker to shutdown with reason: Scaling down because of idle timeout
AssetImportWorker is now disconnected from the server
Process exiting
Exiting without the bug reporter. Application will terminate with return code 0